<?xml version="1.0" encoding="UTF-8"?>
<!-- Generated by org.testng.reporters.JUnitReportReporter -->
<testsuite hostname="AK-MBL-0009" failures="0" tests="1" name="Tests.LoignWithPIN" time="27.596" errors="0" timestamp="2020-12-31T15:57:23 PKT" skipped="0">
  <testcase classname="Tests.LoignWithPIN" name="login" time="27.596"/>
  <system-out/>
</testsuite> <!-- Tests.LoignWithPIN -->
