<?xml version="1.0" encoding="UTF-8"?>
<!-- Generated by org.testng.reporters.JUnitReportReporter -->
<testsuite hostname="AK-MBL-0009" failures="0" tests="4" name="Tests.LoignWithPIN" time="82.894" errors="1" timestamp="2021-01-18T12:56:55 PKT" skipped="0">
  <testcase classname="Tests.LoignWithPIN" name="tearDown" time="0.022">
    <error message="A session is either terminated or not started
Build info: version: &#039;3.141.59&#039;, revision: &#039;e82be7d358&#039;, time: &#039;2018-11-14T08:17:03&#039;
System info: host: &#039;AK-MBL-0009&#039;, ip: &#039;172.16.251.14&#039;, os.name: &#039;Windows 10&#039;, os.arch: &#039;amd64&#039;, os.version: &#039;10.0&#039;, java.version: &#039;15.0.1&#039;
Driver info: io.appium.java_client.android.AndroidDriver
Capabilities {appActivity: com.ibm.jazzcashconsumer.vi..., appPackage: com.techlogix.mobilinkcustomer, autoGrantPermissions: true, databaseEnabled: false, desired: {appActivity: com.ibm.jazzcashconsumer.vi..., appPackage: com.techlogix.mobilinkcustomer, autoGrantPermissions: true, deviceName: SamsungA21s, newCommandTimeout: 30, platformName: android, platformVersion: 10, server:CONFIG_UUID: 7c7bf711-f7f4-44dc-8026-5ea..., systemPort: 8204, udid: RF8NA1XLPWP}, deviceApiLevel: 29, deviceManufacturer: samsung, deviceModel: SM-A217F, deviceName: RF8NA1XLPWP, deviceScreenDensity: 280, deviceScreenSize: 720x1600, deviceUDID: RF8NA1XLPWP, javascriptEnabled: true, locationContextEnabled: false, networkConnectionEnabled: true, newCommandTimeout: 30, pixelRatio: 1.75, platform: LINUX, platformName: Android, platformVersion: 10, server:CONFIG_UUID: 7c7bf711-f7f4-44dc-8026-5ea..., statBarHeight: 68, systemPort: 8204, takesScreenshot: true, udid: RF8NA1XLPWP, viewportRect: {height: 1380, left: 0, top: 68, width: 720}, warnings: {}, webStorageEnabled: false}
Session ID: 7955d850-5a85-493d-9e29-5a236c880171" type="org.openqa.selenium.NoSuchSessionException">
      <![CDATA[org.openqa.selenium.NoSuchSessionException: A session is either terminated or not started
Build info: version: '3.141.59', revision: 'e82be7d358', time: '2018-11-14T08:17:03'
System info: host: 'AK-MBL-0009', ip: '172.16.251.14', os.name: 'Windows 10', os.arch: 'amd64', os.version: '10.0', java.version: '15.0.1'
Driver info: io.appium.java_client.android.AndroidDriver
Capabilities {appActivity: com.ibm.jazzcashconsumer.vi..., appPackage: com.techlogix.mobilinkcustomer, autoGrantPermissions: true, databaseEnabled: false, desired: {appActivity: com.ibm.jazzcashconsumer.vi..., appPackage: com.techlogix.mobilinkcustomer, autoGrantPermissions: true, deviceName: SamsungA21s, newCommandTimeout: 30, platformName: android, platformVersion: 10, server:CONFIG_UUID: 7c7bf711-f7f4-44dc-8026-5ea..., systemPort: 8204, udid: RF8NA1XLPWP}, deviceApiLevel: 29, deviceManufacturer: samsung, deviceModel: SM-A217F, deviceName: RF8NA1XLPWP, deviceScreenDensity: 280, deviceScreenSize: 720x1600, deviceUDID: RF8NA1XLPWP, javascriptEnabled: true, locationContextEnabled: false, networkConnectionEnabled: true, newCommandTimeout: 30, pixelRatio: 1.75, platform: LINUX, platformName: Android, platformVersion: 10, server:CONFIG_UUID: 7c7bf711-f7f4-44dc-8026-5ea..., statBarHeight: 68, systemPort: 8204, takesScreenshot: true, udid: RF8NA1XLPWP, viewportRect: {height: 1380, left: 0, top: 68, width: 720}, warnings: {}, webStorageEnabled: false}
Session ID: 7955d850-5a85-493d-9e29-5a236c880171
at java.base/jdk.internal.reflect.NativeConstructorAccessorImpl.newInstance0(Native Method)
at java.base/jdk.internal.reflect.NativeConstructorAccessorImpl.newInstance(NativeConstructorAccessorImpl.java:64)
at java.base/jdk.internal.reflect.DelegatingConstructorAccessorImpl.newInstance(DelegatingConstructorAccessorImpl.java:45)
at java.base/java.lang.reflect.Constructor.newInstanceWithCaller(Constructor.java:500)
at java.base/java.lang.reflect.Constructor.newInstance(Constructor.java:481)
at org.openqa.selenium.remote.http.W3CHttpResponseCodec.createException(W3CHttpResponseCodec.java:187)
at org.openqa.selenium.remote.http.W3CHttpResponseCodec.decode(W3CHttpResponseCodec.java:122)
at org.openqa.selenium.remote.http.W3CHttpResponseCodec.decode(W3CHttpResponseCodec.java:49)
at org.openqa.selenium.remote.HttpCommandExecutor.execute(HttpCommandExecutor.java:158)
at io.appium.java_client.remote.AppiumCommandExecutor.execute(AppiumCommandExecutor.java:239)
at org.openqa.selenium.remote.RemoteWebDriver.execute(RemoteWebDriver.java:552)
at io.appium.java_client.DefaultGenericMobileDriver.execute(DefaultGenericMobileDriver.java:45)
at io.appium.java_client.AppiumDriver.execute(AppiumDriver.java:1)
at io.appium.java_client.android.AndroidDriver.execute(AndroidDriver.java:1)
at org.openqa.selenium.remote.RemoteWebDriver.quit(RemoteWebDriver.java:452)
at Tests.AppSetup.tearDown(AppSetup.java:152)
at java.base/jdk.internal.reflect.NativeMethodAccessorImpl.invoke0(Native Method)
at java.base/jdk.internal.reflect.NativeMethodAccessorImpl.invoke(NativeMethodAccessorImpl.java:64)
at java.base/jdk.internal.reflect.DelegatingMethodAccessorImpl.invoke(DelegatingMethodAccessorImpl.java:43)
at java.base/java.lang.reflect.Method.invoke(Method.java:564)
at org.testng.internal.MethodInvocationHelper.invokeMethod(MethodInvocationHelper.java:132)
at org.testng.internal.MethodInvocationHelper.invokeMethodConsideringTimeout(MethodInvocationHelper.java:61)
at org.testng.internal.ConfigInvoker.invokeConfigurationMethod(ConfigInvoker.java:366)
at org.testng.internal.ConfigInvoker.invokeConfigurations(ConfigInvoker.java:320)
at org.testng.SuiteRunner.privateRun(SuiteRunner.java:351)
at org.testng.SuiteRunner.run(SuiteRunner.java:286)
at org.testng.SuiteRunnerWorker.runSuite(SuiteRunnerWorker.java:53)
at org.testng.SuiteRunnerWorker.run(SuiteRunnerWorker.java:96)
at org.testng.TestNG.runSuitesSequentially(TestNG.java:1218)
at org.testng.TestNG.runSuitesLocally(TestNG.java:1140)
at org.testng.TestNG.runSuites(TestNG.java:1069)
at org.testng.TestNG.run(TestNG.java:1037)
at org.testng.remote.AbstractRemoteTestNG.run(AbstractRemoteTestNG.java:115)
at org.testng.remote.RemoteTestNG.initAndRun(RemoteTestNG.java:251)
at org.testng.remote.RemoteTestNG.main(RemoteTestNG.java:77)
]]>
    </error>
  </testcase> <!-- tearDown -->
  <system-out/>
  <testcase classname="Tests.LoignWithPIN" name="login" time="28.529"/>
  <system-out/>
  <testcase classname="Tests.LoignWithPIN" name="login" time="30.506"/>
  <system-out/>
  <testcase classname="Tests.LoignWithPIN" name="login" time="23.837"/>
  <system-out/>
</testsuite> <!-- Tests.LoignWithPIN -->
