<?xml version="1.0" encoding="UTF-8"?>
<!-- Generated by org.testng.reporters.JUnitReportReporter -->
<testsuite hostname="AK-MBL-0009" failures="0" tests="1" name="Tests.LoignWithPIN" time="24.536" errors="0" timestamp="2021-01-06T10:10:36 PKT" skipped="0">
  <testcase classname="Tests.LoignWithPIN" name="login" time="24.536"/>
  <system-out/>
</testsuite> <!-- Tests.LoignWithPIN -->
