<?xml version="1.0" encoding="UTF-8"?>
<!-- Generated by org.testng.reporters.JUnitReportReporter -->
<testsuite hostname="AK-MBL-0009" failures="0" tests="1" name="Tests.AppSetup" time="2.781" errors="0" timestamp="2020-12-23T12:07:17 PKT" skipped="0">
  <testcase classname="Tests.AppSetup" name="login" time="2.781"/>
  <system-out/>
</testsuite> <!-- Tests.AppSetup -->
