<?xml version="1.0" encoding="UTF-8"?>
<!-- Generated by org.testng.reporters.JUnitReportReporter -->
<testsuite hostname="AK-MBL-0009" failures="0" tests="1" name="Tests.LoignWithPIN" time="21.708" errors="0" timestamp="2020-12-29T17:24:29 PKT" skipped="0">
  <testcase classname="Tests.LoignWithPIN" name="login" time="21.708"/>
  <system-out/>
</testsuite> <!-- Tests.LoignWithPIN -->
