<?xml version="1.0" encoding="UTF-8"?>
<!-- Generated by org.testng.reporters.JUnitReportReporter -->
<testsuite hostname="AK-MBL-0009" failures="0" tests="1" name="Tests.LoignWithPIN" time="23.873" errors="0" timestamp="2021-01-05T17:00:19 PKT" skipped="0">
  <testcase classname="Tests.LoignWithPIN" name="login" time="23.873"/>
  <system-out/>
</testsuite> <!-- Tests.LoignWithPIN -->
